
'en':
125 : "Data connection already open; transfer starting."
150 : "File status okay; about to open data connection."
200 : "Command okay."
226 : "Closing data connection." # Requested file action successful (for example, file transfer or file abort).
227 : "Entering Passive Mode." #(h1,h2,h3,h4,p1,p2)
300 : "User logged in, proceed."
250 : "Requested file action okay, completed."
331 : "User name okay, need password."
425 : "Can't open data connection."
500 : "Syntax error, command unrecognized."
501 : "Syntax error in parameters or arguments."
502 : "Command not implemented."
530 : "Not logged in."
550 : "Requested action not taken."

'fr':
125 : "Data connection already open; transfer starting."
150 : "File status okay; about to open data connection."
200 : "Command okay."
226 : "Closing data connection."
227 : "Entering Passive Mode."
300 : "User logged in, proceed."
250 : "Requested file action okay, completed."
331 : "User name okay, need password."
425 : "Can't open data connection."
500 : "Syntax error, command unrecognized."
501 : "Syntax error in parameters or arguments"
502 : "Command not implemented."
530 : "Not logged in."
550 : "Requested action not taken."